<?xml version="1.0" encoding="UTF-8"?>
<robot generator="Robot 6.1.1 (Python 3.11.5 on win32)" generated="20230910 12:45:06.565" rpa="false" schemaversion="4">
<suite id="s1" name="Successfully Create Rooms" source="c:\Users\Ray\Desktop\Robot-gep\tests\successfully_create_rooms.robot">
<test id="s1-t1" name="Verificar se ao fazer login redirecinameto foi para a pagina do GEP" line="8">
<kw name="Dado que eu acesse o GEP e faça o login pelo navegador" library="setup_teardown" type="SETUP">
<kw name="Open Browser" library="SeleniumLibrary">
<arg>url=http://localhost:3000</arg>
<arg>browser=Chrome</arg>
<doc>Opens a new browser instance to the optional ``url``.</doc>
<msg timestamp="20230910 12:45:07.232" level="INFO">Opening browser 'Chrome' to base url 'http://localhost:3000'.</msg>
<status status="PASS" starttime="20230910 12:45:07.228" endtime="20230910 12:45:11.168"/>
</kw>
<kw name="Esperar Elemento Visível e Clicável" library="main">
<arg>${LOGIN_BUTTON}</arg>
<kw name="Wait Until Element Is Visible" library="SeleniumLibrary">
<arg>${elemento}</arg>
<arg>timeout=20s</arg>
<arg>error=Elemento não está visível</arg>
<doc>Waits until the element ``locator`` is visible.</doc>
<status status="PASS" starttime="20230910 12:45:11.171" endtime="20230910 12:45:11.252"/>
</kw>
<kw name="Wait Until Element Is Enabled" library="SeleniumLibrary">
<arg>${elemento}</arg>
<doc>Waits until the element ``locator`` is enabled.</doc>
<status status="PASS" starttime="20230910 12:45:11.253" endtime="20230910 12:45:11.543"/>
</kw>
<status status="PASS" starttime="20230910 12:45:11.169" endtime="20230910 12:45:11.543"/>
</kw>
<kw name="Click Button" library="SeleniumLibrary">
<arg>${LOGIN_BUTTON}</arg>
<doc>Clicks the button identified by ``locator``.</doc>
<msg timestamp="20230910 12:45:11.545" level="INFO">Clicking button 'id:google-btn'.</msg>
<status status="PASS" starttime="20230910 12:45:11.543" endtime="20230910 12:45:11.687"/>
</kw>
<kw name="Esperar Elemento Visível e Clicável" library="main">
<arg>${INPUT_EMAIL}</arg>
<kw name="Wait Until Element Is Visible" library="SeleniumLibrary">
<arg>${elemento}</arg>
<arg>timeout=20s</arg>
<arg>error=Elemento não está visível</arg>
<doc>Waits until the element ``locator`` is visible.</doc>
<status status="PASS" starttime="20230910 12:45:11.689" endtime="20230910 12:45:13.697"/>
</kw>
<kw name="Wait Until Element Is Enabled" library="SeleniumLibrary">
<arg>${elemento}</arg>
<doc>Waits until the element ``locator`` is enabled.</doc>
<status status="PASS" starttime="20230910 12:45:13.698" endtime="20230910 12:45:13.755"/>
</kw>
<status status="PASS" starttime="20230910 12:45:11.687" endtime="20230910 12:45:13.755"/>
</kw>
<kw name="Input Text" library="SeleniumLibrary">
<arg>${INPUT_EMAIL}</arg>
<arg>${LOGIN}</arg>
<doc>Types the given ``text`` into the text field identified by ``locator``.</doc>
<msg timestamp="20230910 12:45:13.757" level="INFO">Typing text 'testeqa07@gmail.com' into text field 'id:identifierId'.</msg>
<status status="PASS" starttime="20230910 12:45:13.755" endtime="20230910 12:45:14.008"/>
</kw>
<kw name="Press Keys" library="SeleniumLibrary">
<arg>${INPUT_EMAIL}</arg>
<arg>RETURN</arg>
<doc>Simulates the user pressing key(s) to an element or on the active browser.</doc>
<msg timestamp="20230910 12:45:14.010" level="INFO">Sending key(s) ('RETURN',) to id:identifierId element.</msg>
<msg timestamp="20230910 12:45:14.320" level="INFO">Pressing special key RETURN to element.</msg>
<msg timestamp="20230910 12:45:14.321" level="INFO">Releasing special key RETURN.</msg>
<status status="PASS" starttime="20230910 12:45:14.008" endtime="20230910 12:45:14.473"/>
</kw>
<kw name="Esperar Elemento Visível e Clicável" library="main">
<arg>${INPUT_PASSWORD}</arg>
<kw name="Wait Until Element Is Visible" library="SeleniumLibrary">
<arg>${elemento}</arg>
<arg>timeout=20s</arg>
<arg>error=Elemento não está visível</arg>
<doc>Waits until the element ``locator`` is visible.</doc>
<status status="PASS" starttime="20230910 12:45:14.475" endtime="20230910 12:45:18.759"/>
</kw>
<kw name="Wait Until Element Is Enabled" library="SeleniumLibrary">
<arg>${elemento}</arg>
<doc>Waits until the element ``locator`` is enabled.</doc>
<status status="PASS" starttime="20230910 12:45:18.760" endtime="20230910 12:45:18.810"/>
</kw>
<status status="PASS" starttime="20230910 12:45:14.473" endtime="20230910 12:45:18.811"/>
</kw>
<kw name="Input Text" library="SeleniumLibrary">
<arg>${INPUT_PASSWORD}</arg>
<arg>${PASSWORD}</arg>
<doc>Types the given ``text`` into the text field identified by ``locator``.</doc>
<msg timestamp="20230910 12:45:18.812" level="INFO">Typing text '88881860' into text field 'xpath: //*[@type="password"]'.</msg>
<status status="PASS" starttime="20230910 12:45:18.811" endtime="20230910 12:45:18.990"/>
</kw>
<kw name="Press Keys" library="SeleniumLibrary">
<arg>${INPUT_PASSWORD}</arg>
<arg>RETURN</arg>
<doc>Simulates the user pressing key(s) to an element or on the active browser.</doc>
<msg timestamp="20230910 12:45:18.992" level="INFO">Sending key(s) ('RETURN',) to xpath: //*[@type="password"] element.</msg>
<msg timestamp="20230910 12:45:19.314" level="INFO">Pressing special key RETURN to element.</msg>
<msg timestamp="20230910 12:45:19.314" level="INFO">Releasing special key RETURN.</msg>
<status status="PASS" starttime="20230910 12:45:18.991" endtime="20230910 12:45:19.377"/>
</kw>
<status status="PASS" starttime="20230910 12:45:07.224" endtime="20230910 12:45:19.377"/>
</kw>
<kw name="Dado que logue na pagina" library="rooms">
<kw name="Wait Until Location Is" library="SeleniumLibrary">
<arg>${HOME_PAGE_URL}</arg>
<arg>20s</arg>
<doc>Waits until the current URL is ``expected``.</doc>
<status status="PASS" starttime="20230910 12:45:19.379" endtime="20230910 12:45:27.634"/>
</kw>
<kw name="Location Should Be" library="SeleniumLibrary">
<arg>${HOME_PAGE_URL}</arg>
<doc>Verifies that the current URL is exactly ``url``.</doc>
<msg timestamp="20230910 12:45:27.679" level="INFO">Current location is 'http://localhost:3000/home'.</msg>
<status status="PASS" starttime="20230910 12:45:27.634" endtime="20230910 12:45:27.680"/>
</kw>
<status status="PASS" starttime="20230910 12:45:19.378" endtime="20230910 12:45:27.681"/>
</kw>
<kw name="Fechar o navegador" library="setup_teardown" type="TEARDOWN">
<kw name="Close Browser" library="SeleniumLibrary">
<doc>Closes the current browser.</doc>
<status status="PASS" starttime="20230910 12:45:27.684" endtime="20230910 12:45:31.534"/>
</kw>
<status status="PASS" starttime="20230910 12:45:27.683" endtime="20230910 12:45:31.535"/>
</kw>
<status status="PASS" starttime="20230910 12:45:07.216" endtime="20230910 12:45:31.536"/>
</test>
<test id="s1-t2" name="Verificar se ao precher corretamete os campos do crud de salas uma sala é criada e adicionada na grid" line="11">
<kw name="Dado que eu acesse o GEP e faça o login pelo navegador" library="setup_teardown" type="SETUP">
<kw name="Open Browser" library="SeleniumLibrary">
<arg>url=http://localhost:3000</arg>
<arg>browser=Chrome</arg>
<doc>Opens a new browser instance to the optional ``url``.</doc>
<msg timestamp="20230910 12:45:31.543" level="INFO">Opening browser 'Chrome' to base url 'http://localhost:3000'.</msg>
<status status="PASS" starttime="20230910 12:45:31.542" endtime="20230910 12:45:34.570"/>
</kw>
<kw name="Esperar Elemento Visível e Clicável" library="main">
<arg>${LOGIN_BUTTON}</arg>
<kw name="Wait Until Element Is Visible" library="SeleniumLibrary">
<arg>${elemento}</arg>
<arg>timeout=20s</arg>
<arg>error=Elemento não está visível</arg>
<doc>Waits until the element ``locator`` is visible.</doc>
<status status="PASS" starttime="20230910 12:45:34.572" endtime="20230910 12:45:34.653"/>
</kw>
<kw name="Wait Until Element Is Enabled" library="SeleniumLibrary">
<arg>${elemento}</arg>
<doc>Waits until the element ``locator`` is enabled.</doc>
<status status="PASS" starttime="20230910 12:45:34.654" endtime="20230910 12:45:34.924"/>
</kw>
<status status="PASS" starttime="20230910 12:45:34.571" endtime="20230910 12:45:34.924"/>
</kw>
<kw name="Click Button" library="SeleniumLibrary">
<arg>${LOGIN_BUTTON}</arg>
<doc>Clicks the button identified by ``locator``.</doc>
<msg timestamp="20230910 12:45:34.926" level="INFO">Clicking button 'id:google-btn'.</msg>
<status status="PASS" starttime="20230910 12:45:34.925" endtime="20230910 12:45:35.053"/>
</kw>
<kw name="Esperar Elemento Visível e Clicável" library="main">
<arg>${INPUT_EMAIL}</arg>
<kw name="Wait Until Element Is Visible" library="SeleniumLibrary">
<arg>${elemento}</arg>
<arg>timeout=20s</arg>
<arg>error=Elemento não está visível</arg>
<doc>Waits until the element ``locator`` is visible.</doc>
<status status="PASS" starttime="20230910 12:45:35.055" endtime="20230910 12:45:37.576"/>
</kw>
<kw name="Wait Until Element Is Enabled" library="SeleniumLibrary">
<arg>${elemento}</arg>
<doc>Waits until the element ``locator`` is enabled.</doc>
<status status="PASS" starttime="20230910 12:45:37.576" endtime="20230910 12:45:37.631"/>
</kw>
<status status="PASS" starttime="20230910 12:45:35.053" endtime="20230910 12:45:37.631"/>
</kw>
<kw name="Input Text" library="SeleniumLibrary">
<arg>${INPUT_EMAIL}</arg>
<arg>${LOGIN}</arg>
<doc>Types the given ``text`` into the text field identified by ``locator``.</doc>
<msg timestamp="20230910 12:45:37.633" level="INFO">Typing text 'testeqa07@gmail.com' into text field 'id:identifierId'.</msg>
<status status="PASS" starttime="20230910 12:45:37.632" endtime="20230910 12:45:37.894"/>
</kw>
<kw name="Press Keys" library="SeleniumLibrary">
<arg>${INPUT_EMAIL}</arg>
<arg>RETURN</arg>
<doc>Simulates the user pressing key(s) to an element or on the active browser.</doc>
<msg timestamp="20230910 12:45:37.896" level="INFO">Sending key(s) ('RETURN',) to id:identifierId element.</msg>
<msg timestamp="20230910 12:45:38.224" level="INFO">Pressing special key RETURN to element.</msg>
<msg timestamp="20230910 12:45:38.224" level="INFO">Releasing special key RETURN.</msg>
<status status="PASS" starttime="20230910 12:45:37.894" endtime="20230910 12:45:38.401"/>
</kw>
<kw name="Esperar Elemento Visível e Clicável" library="main">
<arg>${INPUT_PASSWORD}</arg>
<kw name="Wait Until Element Is Visible" library="SeleniumLibrary">
<arg>${elemento}</arg>
<arg>timeout=20s</arg>
<arg>error=Elemento não está visível</arg>
<doc>Waits until the element ``locator`` is visible.</doc>
<status status="PASS" starttime="20230910 12:45:38.403" endtime="20230910 12:45:43.358"/>
</kw>
<kw name="Wait Until Element Is Enabled" library="SeleniumLibrary">
<arg>${elemento}</arg>
<doc>Waits until the element ``locator`` is enabled.</doc>
<status status="PASS" starttime="20230910 12:45:43.359" endtime="20230910 12:45:43.401"/>
</kw>
<status status="PASS" starttime="20230910 12:45:38.402" endtime="20230910 12:45:43.401"/>
</kw>
<kw name="Input Text" library="SeleniumLibrary">
<arg>${INPUT_PASSWORD}</arg>
<arg>${PASSWORD}</arg>
<doc>Types the given ``text`` into the text field identified by ``locator``.</doc>
<msg timestamp="20230910 12:45:43.403" level="INFO">Typing text '88881860' into text field 'xpath: //*[@type="password"]'.</msg>
<status status="PASS" starttime="20230910 12:45:43.402" endtime="20230910 12:45:43.557"/>
</kw>
<kw name="Press Keys" library="SeleniumLibrary">
<arg>${INPUT_PASSWORD}</arg>
<arg>RETURN</arg>
<doc>Simulates the user pressing key(s) to an element or on the active browser.</doc>
<msg timestamp="20230910 12:45:43.559" level="INFO">Sending key(s) ('RETURN',) to xpath: //*[@type="password"] element.</msg>
<msg timestamp="20230910 12:45:43.872" level="INFO">Pressing special key RETURN to element.</msg>
<msg timestamp="20230910 12:45:43.872" level="INFO">Releasing special key RETURN.</msg>
<status status="PASS" starttime="20230910 12:45:43.558" endtime="20230910 12:45:43.924"/>
</kw>
<status status="PASS" starttime="20230910 12:45:31.541" endtime="20230910 12:45:43.924"/>
</kw>
<kw name="Dado que logue na pagina" library="rooms">
<kw name="Wait Until Location Is" library="SeleniumLibrary">
<arg>${HOME_PAGE_URL}</arg>
<arg>20s</arg>
<doc>Waits until the current URL is ``expected``.</doc>
<status status="PASS" starttime="20230910 12:45:43.926" endtime="20230910 12:45:50.570"/>
</kw>
<kw name="Location Should Be" library="SeleniumLibrary">
<arg>${HOME_PAGE_URL}</arg>
<doc>Verifies that the current URL is exactly ``url``.</doc>
<msg timestamp="20230910 12:45:50.584" level="INFO">Current location is 'http://localhost:3000/home'.</msg>
<status status="PASS" starttime="20230910 12:45:50.571" endtime="20230910 12:45:50.585"/>
</kw>
<status status="PASS" starttime="20230910 12:45:43.925" endtime="20230910 12:45:50.585"/>
</kw>
<kw name="E clique em salas na navbar" library="rooms">
<kw name="Esperar Elemento Visível e Clicável" library="main">
<arg>${CRUD_ROOMS}</arg>
<kw name="Wait Until Element Is Visible" library="SeleniumLibrary">
<arg>${elemento}</arg>
<arg>timeout=20s</arg>
<arg>error=Elemento não está visível</arg>
<doc>Waits until the element ``locator`` is visible.</doc>
<status status="PASS" starttime="20230910 12:45:50.590" endtime="20230910 12:45:50.672"/>
</kw>
<kw name="Wait Until Element Is Enabled" library="SeleniumLibrary">
<arg>${elemento}</arg>
<doc>Waits until the element ``locator`` is enabled.</doc>
<status status="PASS" starttime="20230910 12:45:50.673" endtime="20230910 12:45:50.724"/>
</kw>
<status status="PASS" starttime="20230910 12:45:50.588" endtime="20230910 12:45:50.725"/>
</kw>
<kw name="Click Element" library="SeleniumLibrary">
<arg>${CRUD_ROOMS}</arg>
<doc>Click the element identified by ``locator``.</doc>
<msg timestamp="20230910 12:45:50.726" level="INFO">Clicking element 'link: Salas'.</msg>
<status status="PASS" starttime="20230910 12:45:50.725" endtime="20230910 12:45:50.973"/>
</kw>
<status status="PASS" starttime="20230910 12:45:50.587" endtime="20230910 12:45:50.974"/>
</kw>
<kw name="Quando clique no botão adicinar na grid" library="rooms">
<kw name="Esperar Elemento Visível e Clicável" library="main">
<arg>${BTN_ADD_GRID}</arg>
<kw name="Wait Until Element Is Visible" library="SeleniumLibrary">
<arg>${elemento}</arg>
<arg>timeout=20s</arg>
<arg>error=Elemento não está visível</arg>
<doc>Waits until the element ``locator`` is visible.</doc>
<status status="PASS" starttime="20230910 12:45:50.977" endtime="20230910 12:45:51.655"/>
</kw>
<kw name="Wait Until Element Is Enabled" library="SeleniumLibrary">
<arg>${elemento}</arg>
<doc>Waits until the element ``locator`` is enabled.</doc>
<status status="PASS" starttime="20230910 12:45:51.656" endtime="20230910 12:45:51.698"/>
</kw>
<status status="PASS" starttime="20230910 12:45:50.976" endtime="20230910 12:45:51.698"/>
</kw>
<kw name="Click Element" library="SeleniumLibrary">
<arg>${BTN_ADD_GRID}</arg>
<doc>Click the element identified by ``locator``.</doc>
<msg timestamp="20230910 12:45:51.700" level="INFO">Clicking element 'id:Add'.</msg>
<status status="PASS" starttime="20230910 12:45:51.699" endtime="20230910 12:45:51.766"/>
</kw>
<status status="PASS" starttime="20230910 12:45:50.975" endtime="20230910 12:45:51.767"/>
</kw>
<kw name="E clique no botão adicinar baia" library="rooms">
<kw name="Esperar Elemento Visível e Clicável" library="main">
<arg>${BTN_ADD_SPACE}</arg>
<kw name="Wait Until Element Is Visible" library="SeleniumLibrary">
<arg>${elemento}</arg>
<arg>timeout=20s</arg>
<arg>error=Elemento não está visível</arg>
<doc>Waits until the element ``locator`` is visible.</doc>
<status status="PASS" starttime="20230910 12:45:51.769" endtime="20230910 12:45:52.234"/>
</kw>
<kw name="Wait Until Element Is Enabled" library="SeleniumLibrary">
<arg>${elemento}</arg>
<doc>Waits until the element ``locator`` is enabled.</doc>
<status status="PASS" starttime="20230910 12:45:52.234" endtime="20230910 12:45:52.271"/>
</kw>
<status status="PASS" starttime="20230910 12:45:51.769" endtime="20230910 12:45:52.271"/>
</kw>
<kw name="Click Element" library="SeleniumLibrary">
<arg>${BTN_ADD_SPACE}</arg>
<doc>Click the element identified by ``locator``.</doc>
<msg timestamp="20230910 12:45:52.273" level="INFO">Clicking element 'id:add-space-btn'.</msg>
<status status="PASS" starttime="20230910 12:45:52.271" endtime="20230910 12:45:52.357"/>
</kw>
<status status="PASS" starttime="20230910 12:45:51.768" endtime="20230910 12:45:52.357"/>
</kw>
<kw name="Enatão prencher os campos do formulario e verifique 1 sala com baia esperada" library="rooms">
<kw name="Word" library="FakerLibrary">
<var>${RANDOM_WORD}</var>
<doc>Generate a word.</doc>
<msg timestamp="20230910 12:45:52.361" level="INFO">${RANDOM_WORD} = sint</msg>
<status status="PASS" starttime="20230910 12:45:52.360" endtime="20230910 12:45:52.361"/>
</kw>
<kw name="Catenate" library="BuiltIn">
<var>${NAME_ROOM}</var>
<arg>COMbaia</arg>
<arg>${RANDOM_WORD}</arg>
<doc>Catenates the given items together and returns the resulted string.</doc>
<msg timestamp="20230910 12:45:52.363" level="INFO">${NAME_ROOM} = COMbaia sint</msg>
<status status="PASS" starttime="20230910 12:45:52.362" endtime="20230910 12:45:52.364"/>
</kw>
<kw name="Input Text" library="SeleniumLibrary">
<arg>${ROOM_ADD_INPUT_NAME}</arg>
<arg>${NAME_ROOM}</arg>
<doc>Types the given ``text`` into the text field identified by ``locator``.</doc>
<msg timestamp="20230910 12:45:52.367" level="INFO">Typing text 'COMbaia sint' into text field 'id:name-room-textfield'.</msg>
<status status="PASS" starttime="20230910 12:45:52.365" endtime="20230910 12:45:52.626"/>
</kw>
<kw name="Word" library="FakerLibrary">
<var>${ACRONYM_ROOM}</var>
<doc>Generate a word.</doc>
<msg timestamp="20230910 12:45:52.627" level="INFO">${ACRONYM_ROOM} = ratione</msg>
<status status="PASS" starttime="20230910 12:45:52.626" endtime="20230910 12:45:52.627"/>
</kw>
<kw name="Input Text" library="SeleniumLibrary">
<arg>${ROOM_ADD_INPUT_ACRONYM}</arg>
<arg>${ACRONYM_ROOM}</arg>
<doc>Types the given ``text`` into the text field identified by ``locator``.</doc>
<msg timestamp="20230910 12:45:52.628" level="INFO">Typing text 'ratione' into text field 'id:abbreviation-room-textfield'.</msg>
<status status="PASS" starttime="20230910 12:45:52.627" endtime="20230910 12:45:52.789"/>
</kw>
<kw name="Sentence" library="FakerLibrary">
<var>${OBS_ROOM}</var>
<doc>Generate a sentence.</doc>
<msg timestamp="20230910 12:45:52.789" level="INFO">${OBS_ROOM} = Ipsam quae aliquam vero eius cum dolorem.</msg>
<status status="PASS" starttime="20230910 12:45:52.789" endtime="20230910 12:45:52.790"/>
</kw>
<kw name="Input Text" library="SeleniumLibrary">
<arg>${ROOM_ADD_INPUT_OBS}</arg>
<arg>${OBS_ROOM}</arg>
<doc>Types the given ``text`` into the text field identified by ``locator``.</doc>
<msg timestamp="20230910 12:45:52.791" level="INFO">Typing text 'Ipsam quae aliquam vero eius cum dolorem.' into text field 'id:description-room-textfield'.</msg>
<status status="PASS" starttime="20230910 12:45:52.790" endtime="20230910 12:45:53.031"/>
</kw>
<kw name="Word" library="FakerLibrary">
<var>${RANDOM_WORD}</var>
<doc>Generate a word.</doc>
<msg timestamp="20230910 12:45:53.032" level="INFO">${RANDOM_WORD} = rem</msg>
<status status="PASS" starttime="20230910 12:45:53.031" endtime="20230910 12:45:53.032"/>
</kw>
<kw name="Catenate" library="BuiltIn">
<var>${SPACE_NAME}</var>
<arg>space</arg>
<arg>${RANDOM_WORD}</arg>
<doc>Catenates the given items together and returns the resulted string.</doc>
<msg timestamp="20230910 12:45:53.033" level="INFO">${SPACE_NAME} = space rem</msg>
<status status="PASS" starttime="20230910 12:45:53.032" endtime="20230910 12:45:53.033"/>
</kw>
<kw name="Input Text" library="SeleniumLibrary">
<arg>${ROOM_ADD_SPACE_INPUT_NAME}</arg>
<arg>${SPACE_NAME}</arg>
<doc>Types the given ``text`` into the text field identified by ``locator``.</doc>
<msg timestamp="20230910 12:45:53.035" level="INFO">Typing text 'space rem' into text field 'id:space-room-textfield-0'.</msg>
<status status="PASS" starttime="20230910 12:45:53.034" endtime="20230910 12:45:53.200"/>
</kw>
<kw name="Word" library="FakerLibrary">
<var>${ACRONYM_SPACE}</var>
<doc>Generate a word.</doc>
<msg timestamp="20230910 12:45:53.202" level="INFO">${ACRONYM_SPACE} = quam</msg>
<status status="PASS" starttime="20230910 12:45:53.201" endtime="20230910 12:45:53.202"/>
</kw>
<kw name="Input Text" library="SeleniumLibrary">
<arg>${ROOM_ADD_SPACE_INPUT_ACRONYM}</arg>
<arg>${ACRONYM_SPACE}</arg>
<doc>Types the given ``text`` into the text field identified by ``locator``.</doc>
<msg timestamp="20230910 12:45:53.203" level="INFO">Typing text 'quam' into text field 'id:abbreviation-room-textfield-0'.</msg>
<status status="PASS" starttime="20230910 12:45:53.202" endtime="20230910 12:45:53.354"/>
</kw>
<kw name="Sentence" library="FakerLibrary">
<var>${OBS_SPACE}</var>
<doc>Generate a sentence.</doc>
<msg timestamp="20230910 12:45:53.355" level="INFO">${OBS_SPACE} = Blanditiis magnam animi excepturi.</msg>
<status status="PASS" starttime="20230910 12:45:53.354" endtime="20230910 12:45:53.355"/>
</kw>
<kw name="Input Text" library="SeleniumLibrary">
<arg>${ROOM_ADD_SPACE_INPUT_OBS}</arg>
<arg>${OBS_SPACE}</arg>
<doc>Types the given ``text`` into the text field identified by ``locator``.</doc>
<msg timestamp="20230910 12:45:53.356" level="INFO">Typing text 'Blanditiis magnam animi excepturi.' into text field 'id:observation-room-textfield-0'.</msg>
<status status="PASS" starttime="20230910 12:45:53.355" endtime="20230910 12:45:53.588"/>
</kw>
<kw name="Click Element" library="SeleniumLibrary">
<arg>${ROOM_ADD_BUTTON_SALVAR}</arg>
<doc>Click the element identified by ``locator``.</doc>
<msg timestamp="20230910 12:45:53.589" level="INFO">Clicking element 'id:save-bnt'.</msg>
<status status="PASS" starttime="20230910 12:45:53.588" endtime="20230910 12:45:53.682"/>
</kw>
<kw name="Wait Until Page Contains Element" library="SeleniumLibrary">
<arg>${TABLE_SELECTOR}</arg>
<arg>10s</arg>
<doc>Waits until the element ``locator`` appears on the current page.</doc>
<status status="PASS" starttime="20230910 12:45:53.682" endtime="20230910 12:45:53.992"/>
</kw>
<kw name="Create List" library="BuiltIn">
<var>${LIST_DATA_TO_CHECK}</var>
<arg>${ACRONYM_ROOM}</arg>
<arg>${NAME_ROOM}</arg>
<arg>${OBS_ROOM}</arg>
<doc>Returns a list containing given items.</doc>
<msg timestamp="20230910 12:45:53.993" level="INFO">${LIST_DATA_TO_CHECK} = ['ratione', 'COMbaia sint', 'Ipsam quae aliquam vero eius cum dolorem.']</msg>
<status status="PASS" starttime="20230910 12:45:53.992" endtime="20230910 12:45:53.994"/>
</kw>
<kw name="Get WebElements" library="SeleniumLibrary">
<var>${CELLS}</var>
<arg>${TABLE_SELECTOR} tbody tr td</arg>
<doc>Returns a list of WebElement objects matching the ``locator``.</doc>
<msg timestamp="20230910 12:45:54.032" level="INFO">${CELLS} = [&lt;selenium.webdriver.remote.webelement.WebElement (session="7febaa348e60e5d4a9cde0a82a6d0046", element="942199CCFA6CC95748FDB48B16671EEF_element_75")&gt;, &lt;selenium.webdriver.remote.webelement.WebElement...</msg>
<status status="PASS" starttime="20230910 12:45:53.994" endtime="20230910 12:45:54.033"/>
</kw>
<kw name="Create List" library="BuiltIn">
<var>${LIST_CELL_TEXTS}</var>
<doc>Returns a list containing given items.</doc>
<msg timestamp="20230910 12:45:54.034" level="INFO">${LIST_CELL_TEXTS} = []</msg>
<status status="PASS" starttime="20230910 12:45:54.033" endtime="20230910 12:45:54.034"/>
</kw>
<for flavor="IN">
<var>${CELL}</var>
<value>@{CELLS}</value>
<iter>
<var name="${CELL}">&lt;selenium.webdriver.remote.webelement.WebElement (session="7febaa348e60e5d4a9cde0a82a6d0046", element="942199CCFA6CC95748FDB48B16671EEF_element_75")&gt;</var>
<kw name="Get Text" library="SeleniumLibrary">
<var>${texto_da_linha}</var>
<arg>${CELL}</arg>
<doc>Returns the text value of the element identified by ``locator``.</doc>
<msg timestamp="20230910 12:45:54.068" level="INFO">${texto_da_linha} = lEdit sit</msg>
<status status="PASS" starttime="20230910 12:45:54.035" endtime="20230910 12:45:54.069"/>
</kw>
<kw name="Append To List" library="Collections">
<arg>${LIST_CELL_TEXTS}</arg>
<arg>${texto_da_linha}</arg>
<doc>Adds ``values`` to the end of ``list``.</doc>
<status status="PASS" starttime="20230910 12:45:54.069" endtime="20230910 12:45:54.070"/>
</kw>
<status status="PASS" starttime="20230910 12:45:54.035" endtime="20230910 12:45:54.070"/>
</iter>
<iter>
<var name="${CELL}">&lt;selenium.webdriver.remote.webelement.WebElement (session="7febaa348e60e5d4a9cde0a82a6d0046", element="942199CCFA6CC95748FDB48B16671EEF_element_76")&gt;</var>
<kw name="Get Text" library="SeleniumLibrary">
<var>${texto_da_linha}</var>
<arg>${CELL}</arg>
<doc>Returns the text value of the element identified by ``locator``.</doc>
<msg timestamp="20230910 12:45:54.086" level="INFO">${texto_da_linha} = lEdit consectetur</msg>
<status status="PASS" starttime="20230910 12:45:54.071" endtime="20230910 12:45:54.087"/>
</kw>
<kw name="Append To List" library="Collections">
<arg>${LIST_CELL_TEXTS}</arg>
<arg>${texto_da_linha}</arg>
<doc>Adds ``values`` to the end of ``list``.</doc>
<status status="PASS" starttime="20230910 12:45:54.087" endtime="20230910 12:45:54.088"/>
</kw>
<status status="PASS" starttime="20230910 12:45:54.070" endtime="20230910 12:45:54.088"/>
</iter>
<iter>
<var name="${CELL}">&lt;selenium.webdriver.remote.webelement.WebElement (session="7febaa348e60e5d4a9cde0a82a6d0046", element="942199CCFA6CC95748FDB48B16671EEF_element_77")&gt;</var>
<kw name="Get Text" library="SeleniumLibrary">
<var>${texto_da_linha}</var>
<arg>${CELL}</arg>
<doc>Returns the text value of the element identified by ``locator``.</doc>
<msg timestamp="20230910 12:45:54.119" level="INFO">${texto_da_linha} = Edit Aut praesentium pariatur eius.</msg>
<status status="PASS" starttime="20230910 12:45:54.089" endtime="20230910 12:45:54.120"/>
</kw>
<kw name="Append To List" library="Collections">
<arg>${LIST_CELL_TEXTS}</arg>
<arg>${texto_da_linha}</arg>
<doc>Adds ``values`` to the end of ``list``.</doc>
<status status="PASS" starttime="20230910 12:45:54.120" endtime="20230910 12:45:54.121"/>
</kw>
<status status="PASS" starttime="20230910 12:45:54.089" endtime="20230910 12:45:54.121"/>
</iter>
<iter>
<var name="${CELL}">&lt;selenium.webdriver.remote.webelement.WebElement (session="7febaa348e60e5d4a9cde0a82a6d0046", element="942199CCFA6CC95748FDB48B16671EEF_element_78")&gt;</var>
<kw name="Get Text" library="SeleniumLibrary">
<var>${texto_da_linha}</var>
<arg>${CELL}</arg>
<doc>Returns the text value of the element identified by ``locator``.</doc>
<msg timestamp="20230910 12:45:54.154" level="INFO">${texto_da_linha} = </msg>
<status status="PASS" starttime="20230910 12:45:54.122" endtime="20230910 12:45:54.155"/>
</kw>
<kw name="Append To List" library="Collections">
<arg>${LIST_CELL_TEXTS}</arg>
<arg>${texto_da_linha}</arg>
<doc>Adds ``values`` to the end of ``list``.</doc>
<status status="PASS" starttime="20230910 12:45:54.155" endtime="20230910 12:45:54.156"/>
</kw>
<status status="PASS" starttime="20230910 12:45:54.122" endtime="20230910 12:45:54.156"/>
</iter>
<iter>
<var name="${CELL}">&lt;selenium.webdriver.remote.webelement.WebElement (session="7febaa348e60e5d4a9cde0a82a6d0046", element="942199CCFA6CC95748FDB48B16671EEF_element_79")&gt;</var>
<kw name="Get Text" library="SeleniumLibrary">
<var>${texto_da_linha}</var>
<arg>${CELL}</arg>
<doc>Returns the text value of the element identified by ``locator``.</doc>
<msg timestamp="20230910 12:45:54.175" level="INFO">${texto_da_linha} = ratione</msg>
<status status="PASS" starttime="20230910 12:45:54.158" endtime="20230910 12:45:54.175"/>
</kw>
<kw name="Append To List" library="Collections">
<arg>${LIST_CELL_TEXTS}</arg>
<arg>${texto_da_linha}</arg>
<doc>Adds ``values`` to the end of ``list``.</doc>
<status status="PASS" starttime="20230910 12:45:54.176" endtime="20230910 12:45:54.177"/>
</kw>
<status status="PASS" starttime="20230910 12:45:54.157" endtime="20230910 12:45:54.177"/>
</iter>
<iter>
<var name="${CELL}">&lt;selenium.webdriver.remote.webelement.WebElement (session="7febaa348e60e5d4a9cde0a82a6d0046", element="942199CCFA6CC95748FDB48B16671EEF_element_80")&gt;</var>
<kw name="Get Text" library="SeleniumLibrary">
<var>${texto_da_linha}</var>
<arg>${CELL}</arg>
<doc>Returns the text value of the element identified by ``locator``.</doc>
<msg timestamp="20230910 12:45:54.196" level="INFO">${texto_da_linha} = COMbaia sint</msg>
<status status="PASS" starttime="20230910 12:45:54.178" endtime="20230910 12:45:54.196"/>
</kw>
<kw name="Append To List" library="Collections">
<arg>${LIST_CELL_TEXTS}</arg>
<arg>${texto_da_linha}</arg>
<doc>Adds ``values`` to the end of ``list``.</doc>
<status status="PASS" starttime="20230910 12:45:54.197" endtime="20230910 12:45:54.197"/>
</kw>
<status status="PASS" starttime="20230910 12:45:54.177" endtime="20230910 12:45:54.197"/>
</iter>
<iter>
<var name="${CELL}">&lt;selenium.webdriver.remote.webelement.WebElement (session="7febaa348e60e5d4a9cde0a82a6d0046", element="942199CCFA6CC95748FDB48B16671EEF_element_81")&gt;</var>
<kw name="Get Text" library="SeleniumLibrary">
<var>${texto_da_linha}</var>
<arg>${CELL}</arg>
<doc>Returns the text value of the element identified by ``locator``.</doc>
<msg timestamp="20230910 12:45:54.215" level="INFO">${texto_da_linha} = Ipsam quae aliquam vero eius cum dolorem.</msg>
<status status="PASS" starttime="20230910 12:45:54.198" endtime="20230910 12:45:54.215"/>
</kw>
<kw name="Append To List" library="Collections">
<arg>${LIST_CELL_TEXTS}</arg>
<arg>${texto_da_linha}</arg>
<doc>Adds ``values`` to the end of ``list``.</doc>
<status status="PASS" starttime="20230910 12:45:54.215" endtime="20230910 12:45:54.216"/>
</kw>
<status status="PASS" starttime="20230910 12:45:54.198" endtime="20230910 12:45:54.216"/>
</iter>
<iter>
<var name="${CELL}">&lt;selenium.webdriver.remote.webelement.WebElement (session="7febaa348e60e5d4a9cde0a82a6d0046", element="942199CCFA6CC95748FDB48B16671EEF_element_82")&gt;</var>
<kw name="Get Text" library="SeleniumLibrary">
<var>${texto_da_linha}</var>
<arg>${CELL}</arg>
<doc>Returns the text value of the element identified by ``locator``.</doc>
<msg timestamp="20230910 12:45:54.234" level="INFO">${texto_da_linha} = </msg>
<status status="PASS" starttime="20230910 12:45:54.218" endtime="20230910 12:45:54.234"/>
</kw>
<kw name="Append To List" library="Collections">
<arg>${LIST_CELL_TEXTS}</arg>
<arg>${texto_da_linha}</arg>
<doc>Adds ``values`` to the end of ``list``.</doc>
<status status="PASS" starttime="20230910 12:45:54.235" endtime="20230910 12:45:54.236"/>
</kw>
<status status="PASS" starttime="20230910 12:45:54.217" endtime="20230910 12:45:54.236"/>
</iter>
<status status="PASS" starttime="20230910 12:45:54.034" endtime="20230910 12:45:54.236"/>
</for>
<kw name="List Should Contain Sub List" library="Collections">
<arg>${LIST_CELL_TEXTS}</arg>
<arg>${LIST_DATA_TO_CHECK}</arg>
<doc>Fails if not all elements in ``list2`` are found in ``list1``.</doc>
<status status="PASS" starttime="20230910 12:45:54.237" endtime="20230910 12:45:54.237"/>
</kw>
<status status="PASS" starttime="20230910 12:45:52.359" endtime="20230910 12:45:54.238"/>
</kw>
<kw name="Fechar o navegador" library="setup_teardown" type="TEARDOWN">
<kw name="Close Browser" library="SeleniumLibrary">
<doc>Closes the current browser.</doc>
<status status="PASS" starttime="20230910 12:45:54.240" endtime="20230910 12:45:56.586"/>
</kw>
<status status="PASS" starttime="20230910 12:45:54.239" endtime="20230910 12:45:56.587"/>
</kw>
<status status="PASS" starttime="20230910 12:45:31.539" endtime="20230910 12:45:56.587"/>
</test>
<test id="s1-t3" name="Verificar se ao precher corretamete os campos do crud de salas uma sala é criada sem baia" line="19">
<kw name="Dado que eu acesse o GEP e faça o login pelo navegador" library="setup_teardown" type="SETUP">
<kw name="Open Browser" library="SeleniumLibrary">
<arg>url=http://localhost:3000</arg>
<arg>browser=Chrome</arg>
<doc>Opens a new browser instance to the optional ``url``.</doc>
<msg timestamp="20230910 12:45:56.593" level="INFO">Opening browser 'Chrome' to base url 'http://localhost:3000'.</msg>
<status status="PASS" starttime="20230910 12:45:56.592" endtime="20230910 12:45:59.212"/>
</kw>
<kw name="Esperar Elemento Visível e Clicável" library="main">
<arg>${LOGIN_BUTTON}</arg>
<kw name="Wait Until Element Is Visible" library="SeleniumLibrary">
<arg>${elemento}</arg>
<arg>timeout=20s</arg>
<arg>error=Elemento não está visível</arg>
<doc>Waits until the element ``locator`` is visible.</doc>
<status status="PASS" starttime="20230910 12:45:59.214" endtime="20230910 12:45:59.512"/>
</kw>
<kw name="Wait Until Element Is Enabled" library="SeleniumLibrary">
<arg>${elemento}</arg>
<doc>Waits until the element ``locator`` is enabled.</doc>
<status status="PASS" starttime="20230910 12:45:59.513" endtime="20230910 12:45:59.571"/>
</kw>
<status status="PASS" starttime="20230910 12:45:59.213" endtime="20230910 12:45:59.571"/>
</kw>
<kw name="Click Button" library="SeleniumLibrary">
<arg>${LOGIN_BUTTON}</arg>
<doc>Clicks the button identified by ``locator``.</doc>
<msg timestamp="20230910 12:45:59.572" level="INFO">Clicking button 'id:google-btn'.</msg>
<status status="PASS" starttime="20230910 12:45:59.571" endtime="20230910 12:45:59.671"/>
</kw>
<kw name="Esperar Elemento Visível e Clicável" library="main">
<arg>${INPUT_EMAIL}</arg>
<kw name="Wait Until Element Is Visible" library="SeleniumLibrary">
<arg>${elemento}</arg>
<arg>timeout=20s</arg>
<arg>error=Elemento não está visível</arg>
<doc>Waits until the element ``locator`` is visible.</doc>
<status status="PASS" starttime="20230910 12:45:59.673" endtime="20230910 12:46:02.058"/>
</kw>
<kw name="Wait Until Element Is Enabled" library="SeleniumLibrary">
<arg>${elemento}</arg>
<doc>Waits until the element ``locator`` is enabled.</doc>
<status status="PASS" starttime="20230910 12:46:02.059" endtime="20230910 12:46:02.122"/>
</kw>
<status status="PASS" starttime="20230910 12:45:59.672" endtime="20230910 12:46:02.122"/>
</kw>
<kw name="Input Text" library="SeleniumLibrary">
<arg>${INPUT_EMAIL}</arg>
<arg>${LOGIN}</arg>
<doc>Types the given ``text`` into the text field identified by ``locator``.</doc>
<msg timestamp="20230910 12:46:02.124" level="INFO">Typing text 'testeqa07@gmail.com' into text field 'id:identifierId'.</msg>
<status status="PASS" starttime="20230910 12:46:02.123" endtime="20230910 12:46:02.338"/>
</kw>
<kw name="Press Keys" library="SeleniumLibrary">
<arg>${INPUT_EMAIL}</arg>
<arg>RETURN</arg>
<doc>Simulates the user pressing key(s) to an element or on the active browser.</doc>
<msg timestamp="20230910 12:46:02.340" level="INFO">Sending key(s) ('RETURN',) to id:identifierId element.</msg>
<msg timestamp="20230910 12:46:02.640" level="INFO">Pressing special key RETURN to element.</msg>
<msg timestamp="20230910 12:46:02.640" level="INFO">Releasing special key RETURN.</msg>
<status status="PASS" starttime="20230910 12:46:02.339" endtime="20230910 12:46:02.780"/>
</kw>
<kw name="Esperar Elemento Visível e Clicável" library="main">
<arg>${INPUT_PASSWORD}</arg>
<kw name="Wait Until Element Is Visible" library="SeleniumLibrary">
<arg>${elemento}</arg>
<arg>timeout=20s</arg>
<arg>error=Elemento não está visível</arg>
<doc>Waits until the element ``locator`` is visible.</doc>
<status status="PASS" starttime="20230910 12:46:02.781" endtime="20230910 12:46:06.938"/>
</kw>
<kw name="Wait Until Element Is Enabled" library="SeleniumLibrary">
<arg>${elemento}</arg>
<doc>Waits until the element ``locator`` is enabled.</doc>
<status status="PASS" starttime="20230910 12:46:06.939" endtime="20230910 12:46:06.982"/>
</kw>
<status status="PASS" starttime="20230910 12:46:02.780" endtime="20230910 12:46:06.982"/>
</kw>
<kw name="Input Text" library="SeleniumLibrary">
<arg>${INPUT_PASSWORD}</arg>
<arg>${PASSWORD}</arg>
<doc>Types the given ``text`` into the text field identified by ``locator``.</doc>
<msg timestamp="20230910 12:46:06.983" level="INFO">Typing text '88881860' into text field 'xpath: //*[@type="password"]'.</msg>
<status status="PASS" starttime="20230910 12:46:06.982" endtime="20230910 12:46:07.145"/>
</kw>
<kw name="Press Keys" library="SeleniumLibrary">
<arg>${INPUT_PASSWORD}</arg>
<arg>RETURN</arg>
<doc>Simulates the user pressing key(s) to an element or on the active browser.</doc>
<msg timestamp="20230910 12:46:07.147" level="INFO">Sending key(s) ('RETURN',) to xpath: //*[@type="password"] element.</msg>
<msg timestamp="20230910 12:46:07.459" level="INFO">Pressing special key RETURN to element.</msg>
<msg timestamp="20230910 12:46:07.460" level="INFO">Releasing special key RETURN.</msg>
<status status="PASS" starttime="20230910 12:46:07.146" endtime="20230910 12:46:07.520"/>
</kw>
<status status="PASS" starttime="20230910 12:45:56.591" endtime="20230910 12:46:07.521"/>
</kw>
<kw name="Dado que logue na pagina" library="rooms">
<kw name="Wait Until Location Is" library="SeleniumLibrary">
<arg>${HOME_PAGE_URL}</arg>
<arg>20s</arg>
<doc>Waits until the current URL is ``expected``.</doc>
<status status="PASS" starttime="20230910 12:46:07.522" endtime="20230910 12:46:14.393"/>
</kw>
<kw name="Location Should Be" library="SeleniumLibrary">
<arg>${HOME_PAGE_URL}</arg>
<doc>Verifies that the current URL is exactly ``url``.</doc>
<msg timestamp="20230910 12:46:14.406" level="INFO">Current location is 'http://localhost:3000/home'.</msg>
<status status="PASS" starttime="20230910 12:46:14.393" endtime="20230910 12:46:14.406"/>
</kw>
<status status="PASS" starttime="20230910 12:46:07.521" endtime="20230910 12:46:14.407"/>
</kw>
<kw name="E clique em salas na navbar" library="rooms">
<kw name="Esperar Elemento Visível e Clicável" library="main">
<arg>${CRUD_ROOMS}</arg>
<kw name="Wait Until Element Is Visible" library="SeleniumLibrary">
<arg>${elemento}</arg>
<arg>timeout=20s</arg>
<arg>error=Elemento não está visível</arg>
<doc>Waits until the element ``locator`` is visible.</doc>
<status status="PASS" starttime="20230910 12:46:14.410" endtime="20230910 12:46:14.499"/>
</kw>
<kw name="Wait Until Element Is Enabled" library="SeleniumLibrary">
<arg>${elemento}</arg>
<doc>Waits until the element ``locator`` is enabled.</doc>
<status status="PASS" starttime="20230910 12:46:14.499" endtime="20230910 12:46:14.552"/>
</kw>
<status status="PASS" starttime="20230910 12:46:14.409" endtime="20230910 12:46:14.553"/>
</kw>
<kw name="Click Element" library="SeleniumLibrary">
<arg>${CRUD_ROOMS}</arg>
<doc>Click the element identified by ``locator``.</doc>
<msg timestamp="20230910 12:46:14.554" level="INFO">Clicking element 'link: Salas'.</msg>
<status status="PASS" starttime="20230910 12:46:14.553" endtime="20230910 12:46:14.803"/>
</kw>
<status status="PASS" starttime="20230910 12:46:14.408" endtime="20230910 12:46:14.803"/>
</kw>
<kw name="Quando clique no botão adicinar na grid" library="rooms">
<kw name="Esperar Elemento Visível e Clicável" library="main">
<arg>${BTN_ADD_GRID}</arg>
<kw name="Wait Until Element Is Visible" library="SeleniumLibrary">
<arg>${elemento}</arg>
<arg>timeout=20s</arg>
<arg>error=Elemento não está visível</arg>
<doc>Waits until the element ``locator`` is visible.</doc>
<status status="PASS" starttime="20230910 12:46:14.806" endtime="20230910 12:46:15.540"/>
</kw>
<kw name="Wait Until Element Is Enabled" library="SeleniumLibrary">
<arg>${elemento}</arg>
<doc>Waits until the element ``locator`` is enabled.</doc>
<status status="PASS" starttime="20230910 12:46:15.541" endtime="20230910 12:46:15.585"/>
</kw>
<status status="PASS" starttime="20230910 12:46:14.805" endtime="20230910 12:46:15.585"/>
</kw>
<kw name="Click Element" library="SeleniumLibrary">
<arg>${BTN_ADD_GRID}</arg>
<doc>Click the element identified by ``locator``.</doc>
<msg timestamp="20230910 12:46:15.586" level="INFO">Clicking element 'id:Add'.</msg>
<status status="PASS" starttime="20230910 12:46:15.585" endtime="20230910 12:46:15.665"/>
</kw>
<status status="PASS" starttime="20230910 12:46:14.804" endtime="20230910 12:46:15.666"/>
</kw>
<kw name=" Enatão prencher os campos do formulario e verifique 1 sala sem baia" library="rooms">
<kw name="Word" library="FakerLibrary">
<var>${RANDOM_WORD}</var>
<doc>Generate a word.</doc>
<msg timestamp="20230910 12:46:15.669" level="INFO">${RANDOM_WORD} = optio</msg>
<status status="PASS" starttime="20230910 12:46:15.668" endtime="20230910 12:46:15.669"/>
</kw>
<kw name="Catenate" library="BuiltIn">
<var>${NAME_ROOM}</var>
<arg>SemBAIA</arg>
<arg>${RANDOM_WORD}</arg>
<doc>Catenates the given items together and returns the resulted string.</doc>
<msg timestamp="20230910 12:46:15.671" level="INFO">${NAME_ROOM} = SemBAIA optio</msg>
<status status="PASS" starttime="20230910 12:46:15.670" endtime="20230910 12:46:15.671"/>
</kw>
<kw name="Esperar Elemento Visível e Clicável" library="main">
<arg>${ROOM_ADD_INPUT_NAME}</arg>
<kw name="Wait Until Element Is Visible" library="SeleniumLibrary">
<arg>${elemento}</arg>
<arg>timeout=20s</arg>
<arg>error=Elemento não está visível</arg>
<doc>Waits until the element ``locator`` is visible.</doc>
<status status="PASS" starttime="20230910 12:46:15.672" endtime="20230910 12:46:16.162"/>
</kw>
<kw name="Wait Until Element Is Enabled" library="SeleniumLibrary">
<arg>${elemento}</arg>
<doc>Waits until the element ``locator`` is enabled.</doc>
<status status="PASS" starttime="20230910 12:46:16.163" endtime="20230910 12:46:16.200"/>
</kw>
<status status="PASS" starttime="20230910 12:46:15.671" endtime="20230910 12:46:16.200"/>
</kw>
<kw name="Input Text" library="SeleniumLibrary">
<arg>${ROOM_ADD_INPUT_NAME}</arg>
<arg>${NAME_ROOM}</arg>
<doc>Types the given ``text`` into the text field identified by ``locator``.</doc>
<msg timestamp="20230910 12:46:16.202" level="INFO">Typing text 'SemBAIA optio' into text field 'id:name-room-textfield'.</msg>
<status status="PASS" starttime="20230910 12:46:16.201" endtime="20230910 12:46:16.421"/>
</kw>
<kw name="Word" library="FakerLibrary">
<var>${ACRONYM_ROOM}</var>
<doc>Generate a word.</doc>
<msg timestamp="20230910 12:46:16.422" level="INFO">${ACRONYM_ROOM} = libero</msg>
<status status="PASS" starttime="20230910 12:46:16.422" endtime="20230910 12:46:16.423"/>
</kw>
<kw name="Input Text" library="SeleniumLibrary">
<arg>${ROOM_ADD_INPUT_ACRONYM}</arg>
<arg>${ACRONYM_ROOM}</arg>
<doc>Types the given ``text`` into the text field identified by ``locator``.</doc>
<msg timestamp="20230910 12:46:16.424" level="INFO">Typing text 'libero' into text field 'id:abbreviation-room-textfield'.</msg>
<status status="PASS" starttime="20230910 12:46:16.423" endtime="20230910 12:46:16.587"/>
</kw>
<kw name="Sentence" library="FakerLibrary">
<var>${OBS_ROOM}</var>
<doc>Generate a sentence.</doc>
<msg timestamp="20230910 12:46:16.588" level="INFO">${OBS_ROOM} = Voluptatum quis ut cumque.</msg>
<status status="PASS" starttime="20230910 12:46:16.587" endtime="20230910 12:46:16.588"/>
</kw>
<kw name="Input Text" library="SeleniumLibrary">
<arg>${ROOM_ADD_INPUT_OBS}</arg>
<arg>${OBS_ROOM}</arg>
<doc>Types the given ``text`` into the text field identified by ``locator``.</doc>
<msg timestamp="20230910 12:46:16.589" level="INFO">Typing text 'Voluptatum quis ut cumque.' into text field 'id:description-room-textfield'.</msg>
<status status="PASS" starttime="20230910 12:46:16.588" endtime="20230910 12:46:16.786"/>
</kw>
<kw name="Click Element" library="SeleniumLibrary">
<arg>${ROOM_ADD_BUTTON_SALVAR}</arg>
<doc>Click the element identified by ``locator``.</doc>
<msg timestamp="20230910 12:46:16.788" level="INFO">Clicking element 'id:save-bnt'.</msg>
<status status="PASS" starttime="20230910 12:46:16.787" endtime="20230910 12:46:16.882"/>
</kw>
<kw name="Wait Until Page Contains Element" library="SeleniumLibrary">
<arg>${TABLE_SELECTOR}</arg>
<arg>10s</arg>
<doc>Waits until the element ``locator`` appears on the current page.</doc>
<status status="PASS" starttime="20230910 12:46:16.882" endtime="20230910 12:46:17.176"/>
</kw>
<kw name="Create List" library="BuiltIn">
<var>${LIST_DATA_TO_CHECK}</var>
<arg>${ACRONYM_ROOM}</arg>
<arg>${NAME_ROOM}</arg>
<arg>${OBS_ROOM}</arg>
<doc>Returns a list containing given items.</doc>
<msg timestamp="20230910 12:46:17.177" level="INFO">${LIST_DATA_TO_CHECK} = ['libero', 'SemBAIA optio', 'Voluptatum quis ut cumque.']</msg>
<status status="PASS" starttime="20230910 12:46:17.176" endtime="20230910 12:46:17.177"/>
</kw>
<kw name="Get WebElements" library="SeleniumLibrary">
<var>${CELLS}</var>
<arg>${TABLE_SELECTOR} tbody tr td</arg>
<doc>Returns a list of WebElement objects matching the ``locator``.</doc>
<msg timestamp="20230910 12:46:17.196" level="INFO">${CELLS} = [&lt;selenium.webdriver.remote.webelement.WebElement (session="007c5d513c9001c9973074e5b6cbc744", element="07D1B168AF8BBDEC2DA9A87B2AF3A117_element_62")&gt;, &lt;selenium.webdriver.remote.webelement.WebElement...</msg>
<status status="PASS" starttime="20230910 12:46:17.178" endtime="20230910 12:46:17.197"/>
</kw>
<kw name="Create List" library="BuiltIn">
<var>${LIST_CELL_TEXTS}</var>
<doc>Returns a list containing given items.</doc>
<msg timestamp="20230910 12:46:17.197" level="INFO">${LIST_CELL_TEXTS} = []</msg>
<status status="PASS" starttime="20230910 12:46:17.197" endtime="20230910 12:46:17.198"/>
</kw>
<for flavor="IN">
<var>${CELL}</var>
<value>@{CELLS}</value>
<iter>
<var name="${CELL}">&lt;selenium.webdriver.remote.webelement.WebElement (session="007c5d513c9001c9973074e5b6cbc744", element="07D1B168AF8BBDEC2DA9A87B2AF3A117_element_62")&gt;</var>
<kw name="Get Text" library="SeleniumLibrary">
<var>${texto_da_linha}</var>
<arg>${CELL}</arg>
<doc>Returns the text value of the element identified by ``locator``.</doc>
<msg timestamp="20230910 12:46:17.233" level="INFO">${texto_da_linha} = lEdit sit</msg>
<status status="PASS" starttime="20230910 12:46:17.199" endtime="20230910 12:46:17.233"/>
</kw>
<kw name="Append To List" library="Collections">
<arg>${LIST_CELL_TEXTS}</arg>
<arg>${texto_da_linha}</arg>
<doc>Adds ``values`` to the end of ``list``.</doc>
<status status="PASS" starttime="20230910 12:46:17.234" endtime="20230910 12:46:17.235"/>
</kw>
<status status="PASS" starttime="20230910 12:46:17.198" endtime="20230910 12:46:17.236"/>
</iter>
<iter>
<var name="${CELL}">&lt;selenium.webdriver.remote.webelement.WebElement (session="007c5d513c9001c9973074e5b6cbc744", element="07D1B168AF8BBDEC2DA9A87B2AF3A117_element_63")&gt;</var>
<kw name="Get Text" library="SeleniumLibrary">
<var>${texto_da_linha}</var>
<arg>${CELL}</arg>
<doc>Returns the text value of the element identified by ``locator``.</doc>
<msg timestamp="20230910 12:46:17.273" level="INFO">${texto_da_linha} = lEdit consectetur</msg>
<status status="PASS" starttime="20230910 12:46:17.237" endtime="20230910 12:46:17.274"/>
</kw>
<kw name="Append To List" library="Collections">
<arg>${LIST_CELL_TEXTS}</arg>
<arg>${texto_da_linha}</arg>
<doc>Adds ``values`` to the end of ``list``.</doc>
<status status="PASS" starttime="20230910 12:46:17.274" endtime="20230910 12:46:17.275"/>
</kw>
<status status="PASS" starttime="20230910 12:46:17.236" endtime="20230910 12:46:17.275"/>
</iter>
<iter>
<var name="${CELL}">&lt;selenium.webdriver.remote.webelement.WebElement (session="007c5d513c9001c9973074e5b6cbc744", element="07D1B168AF8BBDEC2DA9A87B2AF3A117_element_64")&gt;</var>
<kw name="Get Text" library="SeleniumLibrary">
<var>${texto_da_linha}</var>
<arg>${CELL}</arg>
<doc>Returns the text value of the element identified by ``locator``.</doc>
<msg timestamp="20230910 12:46:17.294" level="INFO">${texto_da_linha} = Edit Aut praesentium pariatur eius.</msg>
<status status="PASS" starttime="20230910 12:46:17.276" endtime="20230910 12:46:17.295"/>
</kw>
<kw name="Append To List" library="Collections">
<arg>${LIST_CELL_TEXTS}</arg>
<arg>${texto_da_linha}</arg>
<doc>Adds ``values`` to the end of ``list``.</doc>
<status status="PASS" starttime="20230910 12:46:17.295" endtime="20230910 12:46:17.296"/>
</kw>
<status status="PASS" starttime="20230910 12:46:17.275" endtime="20230910 12:46:17.297"/>
</iter>
<iter>
<var name="${CELL}">&lt;selenium.webdriver.remote.webelement.WebElement (session="007c5d513c9001c9973074e5b6cbc744", element="07D1B168AF8BBDEC2DA9A87B2AF3A117_element_65")&gt;</var>
<kw name="Get Text" library="SeleniumLibrary">
<var>${texto_da_linha}</var>
<arg>${CELL}</arg>
<doc>Returns the text value of the element identified by ``locator``.</doc>
<msg timestamp="20230910 12:46:17.317" level="INFO">${texto_da_linha} = </msg>
<status status="PASS" starttime="20230910 12:46:17.298" endtime="20230910 12:46:17.317"/>
</kw>
<kw name="Append To List" library="Collections">
<arg>${LIST_CELL_TEXTS}</arg>
<arg>${texto_da_linha}</arg>
<doc>Adds ``values`` to the end of ``list``.</doc>
<status status="PASS" starttime="20230910 12:46:17.318" endtime="20230910 12:46:17.319"/>
</kw>
<status status="PASS" starttime="20230910 12:46:17.298" endtime="20230910 12:46:17.319"/>
</iter>
<iter>
<var name="${CELL}">&lt;selenium.webdriver.remote.webelement.WebElement (session="007c5d513c9001c9973074e5b6cbc744", element="07D1B168AF8BBDEC2DA9A87B2AF3A117_element_66")&gt;</var>
<kw name="Get Text" library="SeleniumLibrary">
<var>${texto_da_linha}</var>
<arg>${CELL}</arg>
<doc>Returns the text value of the element identified by ``locator``.</doc>
<msg timestamp="20230910 12:46:17.335" level="INFO">${texto_da_linha} = ratione</msg>
<status status="PASS" starttime="20230910 12:46:17.320" endtime="20230910 12:46:17.335"/>
</kw>
<kw name="Append To List" library="Collections">
<arg>${LIST_CELL_TEXTS}</arg>
<arg>${texto_da_linha}</arg>
<doc>Adds ``values`` to the end of ``list``.</doc>
<status status="PASS" starttime="20230910 12:46:17.336" endtime="20230910 12:46:17.337"/>
</kw>
<status status="PASS" starttime="20230910 12:46:17.319" endtime="20230910 12:46:17.337"/>
</iter>
<iter>
<var name="${CELL}">&lt;selenium.webdriver.remote.webelement.WebElement (session="007c5d513c9001c9973074e5b6cbc744", element="07D1B168AF8BBDEC2DA9A87B2AF3A117_element_67")&gt;</var>
<kw name="Get Text" library="SeleniumLibrary">
<var>${texto_da_linha}</var>
<arg>${CELL}</arg>
<doc>Returns the text value of the element identified by ``locator``.</doc>
<msg timestamp="20230910 12:46:17.356" level="INFO">${texto_da_linha} = COMbaia sint</msg>
<status status="PASS" starttime="20230910 12:46:17.338" endtime="20230910 12:46:17.356"/>
</kw>
<kw name="Append To List" library="Collections">
<arg>${LIST_CELL_TEXTS}</arg>
<arg>${texto_da_linha}</arg>
<doc>Adds ``values`` to the end of ``list``.</doc>
<status status="PASS" starttime="20230910 12:46:17.357" endtime="20230910 12:46:17.357"/>
</kw>
<status status="PASS" starttime="20230910 12:46:17.338" endtime="20230910 12:46:17.357"/>
</iter>
<iter>
<var name="${CELL}">&lt;selenium.webdriver.remote.webelement.WebElement (session="007c5d513c9001c9973074e5b6cbc744", element="07D1B168AF8BBDEC2DA9A87B2AF3A117_element_68")&gt;</var>
<kw name="Get Text" library="SeleniumLibrary">
<var>${texto_da_linha}</var>
<arg>${CELL}</arg>
<doc>Returns the text value of the element identified by ``locator``.</doc>
<msg timestamp="20230910 12:46:17.373" level="INFO">${texto_da_linha} = Ipsam quae aliquam vero eius cum dolorem.</msg>
<status status="PASS" starttime="20230910 12:46:17.358" endtime="20230910 12:46:17.373"/>
</kw>
<kw name="Append To List" library="Collections">
<arg>${LIST_CELL_TEXTS}</arg>
<arg>${texto_da_linha}</arg>
<doc>Adds ``values`` to the end of ``list``.</doc>
<status status="PASS" starttime="20230910 12:46:17.373" endtime="20230910 12:46:17.374"/>
</kw>
<status status="PASS" starttime="20230910 12:46:17.358" endtime="20230910 12:46:17.374"/>
</iter>
<iter>
<var name="${CELL}">&lt;selenium.webdriver.remote.webelement.WebElement (session="007c5d513c9001c9973074e5b6cbc744", element="07D1B168AF8BBDEC2DA9A87B2AF3A117_element_69")&gt;</var>
<kw name="Get Text" library="SeleniumLibrary">
<var>${texto_da_linha}</var>
<arg>${CELL}</arg>
<doc>Returns the text value of the element identified by ``locator``.</doc>
<msg timestamp="20230910 12:46:17.390" level="INFO">${texto_da_linha} = </msg>
<status status="PASS" starttime="20230910 12:46:17.375" endtime="20230910 12:46:17.390"/>
</kw>
<kw name="Append To List" library="Collections">
<arg>${LIST_CELL_TEXTS}</arg>
<arg>${texto_da_linha}</arg>
<doc>Adds ``values`` to the end of ``list``.</doc>
<status status="PASS" starttime="20230910 12:46:17.390" endtime="20230910 12:46:17.391"/>
</kw>
<status status="PASS" starttime="20230910 12:46:17.374" endtime="20230910 12:46:17.391"/>
</iter>
<iter>
<var name="${CELL}">&lt;selenium.webdriver.remote.webelement.WebElement (session="007c5d513c9001c9973074e5b6cbc744", element="07D1B168AF8BBDEC2DA9A87B2AF3A117_element_70")&gt;</var>
<kw name="Get Text" library="SeleniumLibrary">
<var>${texto_da_linha}</var>
<arg>${CELL}</arg>
<doc>Returns the text value of the element identified by ``locator``.</doc>
<msg timestamp="20230910 12:46:17.407" level="INFO">${texto_da_linha} = libero</msg>
<status status="PASS" starttime="20230910 12:46:17.392" endtime="20230910 12:46:17.407"/>
</kw>
<kw name="Append To List" library="Collections">
<arg>${LIST_CELL_TEXTS}</arg>
<arg>${texto_da_linha}</arg>
<doc>Adds ``values`` to the end of ``list``.</doc>
<status status="PASS" starttime="20230910 12:46:17.407" endtime="20230910 12:46:17.408"/>
</kw>
<status status="PASS" starttime="20230910 12:46:17.391" endtime="20230910 12:46:17.408"/>
</iter>
<iter>
<var name="${CELL}">&lt;selenium.webdriver.remote.webelement.WebElement (session="007c5d513c9001c9973074e5b6cbc744", element="07D1B168AF8BBDEC2DA9A87B2AF3A117_element_71")&gt;</var>
<kw name="Get Text" library="SeleniumLibrary">
<var>${texto_da_linha}</var>
<arg>${CELL}</arg>
<doc>Returns the text value of the element identified by ``locator``.</doc>
<msg timestamp="20230910 12:46:17.423" level="INFO">${texto_da_linha} = SemBAIA optio</msg>
<status status="PASS" starttime="20230910 12:46:17.408" endtime="20230910 12:46:17.423"/>
</kw>
<kw name="Append To List" library="Collections">
<arg>${LIST_CELL_TEXTS}</arg>
<arg>${texto_da_linha}</arg>
<doc>Adds ``values`` to the end of ``list``.</doc>
<status status="PASS" starttime="20230910 12:46:17.423" endtime="20230910 12:46:17.424"/>
</kw>
<status status="PASS" starttime="20230910 12:46:17.408" endtime="20230910 12:46:17.424"/>
</iter>
<iter>
<var name="${CELL}">&lt;selenium.webdriver.remote.webelement.WebElement (session="007c5d513c9001c9973074e5b6cbc744", element="07D1B168AF8BBDEC2DA9A87B2AF3A117_element_72")&gt;</var>
<kw name="Get Text" library="SeleniumLibrary">
<var>${texto_da_linha}</var>
<arg>${CELL}</arg>
<doc>Returns the text value of the element identified by ``locator``.</doc>
<msg timestamp="20230910 12:46:17.439" level="INFO">${texto_da_linha} = Voluptatum quis ut cumque.</msg>
<status status="PASS" starttime="20230910 12:46:17.425" endtime="20230910 12:46:17.440"/>
</kw>
<kw name="Append To List" library="Collections">
<arg>${LIST_CELL_TEXTS}</arg>
<arg>${texto_da_linha}</arg>
<doc>Adds ``values`` to the end of ``list``.</doc>
<status status="PASS" starttime="20230910 12:46:17.440" endtime="20230910 12:46:17.441"/>
</kw>
<status status="PASS" starttime="20230910 12:46:17.424" endtime="20230910 12:46:17.441"/>
</iter>
<iter>
<var name="${CELL}">&lt;selenium.webdriver.remote.webelement.WebElement (session="007c5d513c9001c9973074e5b6cbc744", element="07D1B168AF8BBDEC2DA9A87B2AF3A117_element_73")&gt;</var>
<kw name="Get Text" library="SeleniumLibrary">
<var>${texto_da_linha}</var>
<arg>${CELL}</arg>
<doc>Returns the text value of the element identified by ``locator``.</doc>
<msg timestamp="20230910 12:46:17.457" level="INFO">${texto_da_linha} = </msg>
<status status="PASS" starttime="20230910 12:46:17.441" endtime="20230910 12:46:17.457"/>
</kw>
<kw name="Append To List" library="Collections">
<arg>${LIST_CELL_TEXTS}</arg>
<arg>${texto_da_linha}</arg>
<doc>Adds ``values`` to the end of ``list``.</doc>
<status status="PASS" starttime="20230910 12:46:17.458" endtime="20230910 12:46:17.458"/>
</kw>
<status status="PASS" starttime="20230910 12:46:17.441" endtime="20230910 12:46:17.459"/>
</iter>
<status status="PASS" starttime="20230910 12:46:17.198" endtime="20230910 12:46:17.459"/>
</for>
<kw name="List Should Contain Sub List" library="Collections">
<arg>${LIST_CELL_TEXTS}</arg>
<arg>${LIST_DATA_TO_CHECK}</arg>
<doc>Fails if not all elements in ``list2`` are found in ``list1``.</doc>
<status status="PASS" starttime="20230910 12:46:17.459" endtime="20230910 12:46:17.460"/>
</kw>
<status status="PASS" starttime="20230910 12:46:15.667" endtime="20230910 12:46:17.460"/>
</kw>
<kw name="Fechar o navegador" library="setup_teardown" type="TEARDOWN">
<kw name="Close Browser" library="SeleniumLibrary">
<doc>Closes the current browser.</doc>
<status status="PASS" starttime="20230910 12:46:17.462" endtime="20230910 12:46:19.688"/>
</kw>
<status status="PASS" starttime="20230910 12:46:17.461" endtime="20230910 12:46:19.688"/>
</kw>
<status status="PASS" starttime="20230910 12:45:56.590" endtime="20230910 12:46:19.689"/>
</test>
<status status="PASS" starttime="20230910 12:45:06.570" endtime="20230910 12:46:19.692"/>
</suite>
<statistics>
<total>
<stat pass="3" fail="0" skip="0">All Tests</stat>
</total>
<tag>
</tag>
<suite>
<stat pass="3" fail="0" skip="0" id="s1" name="Successfully Create Rooms">Successfully Create Rooms</stat>
</suite>
</statistics>
<errors>
</errors>
</robot>
